-------------------------------------------------------------------------------
Test set: com.yeahbutstill.hibernatemapping.repositories.ProductRepositoryTest
-------------------------------------------------------------------------------
Tests run: 3, Failures: 0, Errors: 1, Skipped: 0, Time elapsed: 3.699 s <<< FAILURE! - in com.yeahbutstill.hibernatemapping.repositories.ProductRepositoryTest
testGetCategory  Time elapsed: 0.019 s  <<< ERROR!
java.util.NoSuchElementException: No value present
	at com.yeahbutstill.hibernatemapping.repositories.ProductRepositoryTest.testGetCategory(ProductRepositoryTest.java:18)

