<?xml version="1.0" encoding="UTF-8"?>
<testsuite xmlns:xsi="http://www.w3.org/2001/XMLSchema-instance" xsi:noNamespaceSchemaLocation="https://maven.apache.org/surefire/maven-surefire-plugin/xsd/surefire-test-report.xsd" name="com.yeahbutstill.hibernatemapping.DataLoadTest" time="0.166" tests="4" errors="0" skipped="0" failures="0">
  <properties>
[...]
</properties>
  <testcase name="testDataLoader" classname="com.yeahbutstill.hibernatemapping.DataLoadTest" time="0.115"/>
  <testcase name="testLazyVsEager" classname="com.yeahbutstill.hibernatemapping.DataLoadTest" time="0.012"/>
  <testcase name="testNPlusOneProblem" classname="com.yeahbutstill.hibernatemapping.DataLoadTest" time="0.024"/>
  <testcase name="testDBLock" classname="com.yeahbutstill.hibernatemapping.DataLoadTest" time="0.011"/>
</testsuite>